<!DOCTYPE html PUBLIC "-//W3C//DTD XHTML 1.1//EN" "https://www.w3.org/TR/xhtml11/DTD/xhtml11.dtd">
<html xmlns="https://www.w3.org/1999/xhtml">
<head>
<meta http-equiv="content-type" content="text/html; charset=UTF-8"/>
<title>TestNG Report</title>
<style type="text/css">table {margin-bottom:10px;border-collapse:collapse;empty-cells:show}th,td {border:1px solid #009;padding:.25em .5em}th {vertical-align:bottom}td {vertical-align:top}table a {font-weight:bold}.stripe td {background-color: #E6EBF9}.num {text-align:right}.passedodd td {background-color: #3F3}.passedeven td {background-color: #0A0}.skippedodd td {background-color: #DDD}.skippedeven td {background-color: #CCC}.failedodd td,.attn {background-color: #F33}.failedeven td,.stripe .attn {background-color: #D00}.stacktrace {white-space:pre;font-family:monospace}.totop {font-size:85%;text-align:center;border-bottom:2px solid #000}.invisible {display:none}</style>
</head>
<body>
<table>
<tr><th>Test</th><th># Passed</th><th># Skipped</th><th># Retried</th><th># Failed</th><th>Time (ms)</th><th>Included Groups</th><th>Excluded Groups</th></tr>
<tr><th colspan="8">Default suite</th></tr>
<tr><td><a href="#t0">Default test</a></td><td class="num">22</td><td class="num">0</td><td class="num">0</td><td class="num attn">3</td><td class="num">60,049</td><td></td><td></td></tr>
</table>
<table id='summary'><thead><tr><th>Class</th><th>Method</th><th>Start</th><th>Time (ms)</th></tr></thead><tbody><tr><th colspan="4">Default suite</th></tr></tbody><tbody id="t0"><tr><th colspan="4">Default test &#8212; failed</th></tr><tr class="failedeven"><td rowspan="3">com.CA.qa.TestCases.ValidateConfigurationsPage</td><td><a href="#m0">ValidateURLMappingLocalIpRangeErrorMsg7_31</a></td><td rowspan="1">1611060821285</td><td rowspan="1">2067</td></tr><tr class="failedeven"><td><a href="#m1">ValidateURLMappingLocalIpRangeErrorMsg7_32</a></td><td rowspan="1">1611060823358</td><td rowspan="1">2046</td></tr><tr class="failedeven"><td><a href="#m2">ValidateURLMappingLocalIpRangeErrorMsg7_33</a></td><td rowspan="1">1611060825406</td><td rowspan="1">2099</td></tr><tr><th colspan="4">Default test &#8212; passed</th></tr><tr class="passedeven"><td rowspan="22">com.CA.qa.TestCases.ValidateConfigurationsPage</td><td><a href="#m3">ValidateLocationNameEmptyErrorMsg6_1</a></td><td rowspan="1">1611060794583</td><td rowspan="1">2178</td></tr><tr class="passedeven"><td><a href="#m4">ValidateLocationRangeErrorMsg6_11</a></td><td rowspan="1">1611060796770</td><td rowspan="1">2060</td></tr><tr class="passedeven"><td><a href="#m5">ValidateLocationRangeErrorMsg6_12</a></td><td rowspan="1">1611060798833</td><td rowspan="1">1971</td></tr><tr class="passedeven"><td><a href="#m6">ValidateLocationRangeErrorMsg6_13</a></td><td rowspan="1">1611060800805</td><td rowspan="1">2082</td></tr><tr class="passedeven"><td><a href="#m7">ValidateSmsTemplateNameEmptyErrorMsg8_1</a></td><td rowspan="1">1611060827509</td><td rowspan="1">1955</td></tr><tr class="passedeven"><td><a href="#m8">ValidateSmsTemplateNameRangeErrorMsg8_11</a></td><td rowspan="1">1611060829466</td><td rowspan="1">1946</td></tr><tr class="passedeven"><td><a href="#m9">ValidateSmsTemplateNameRangeErrorMsg8_12</a></td><td rowspan="1">1611060831413</td><td rowspan="1">2070</td></tr><tr class="passedeven"><td><a href="#m10">ValidateSmsTemplateNameRangeErrorMsg8_13</a></td><td rowspan="1">1611060833485</td><td rowspan="1">2000</td></tr><tr class="passedeven"><td><a href="#m11">ValidateSmsTemplateTextErrorMsg8_2</a></td><td rowspan="1">1611060835487</td><td rowspan="1">1912</td></tr><tr class="passedeven"><td><a href="#m12">ValidateURLMappingDomainNameEmptyErrorMsg7_21</a></td><td rowspan="1">1611060811219</td><td rowspan="1">1934</td></tr><tr class="passedeven"><td><a href="#m13">ValidateURLMappingDomainNameRangeErrorMsg7_22</a></td><td rowspan="1">1611060813156</td><td rowspan="1">2079</td></tr><tr class="passedeven"><td><a href="#m14">ValidateURLMappingDomainNameRangeErrorMsg7_23</a></td><td rowspan="1">1611060815237</td><td rowspan="1">2050</td></tr><tr class="passedeven"><td><a href="#m15">ValidateURLMappingDomainNameRangeErrorMsg7_24</a></td><td rowspan="1">1611060817290</td><td rowspan="1">2012</td></tr><tr class="passedeven"><td><a href="#m16">ValidateURLMappingLocalIpEmptyErrorMsg7_3</a></td><td rowspan="1">1611060819304</td><td rowspan="1">1980</td></tr><tr class="passedeven"><td><a href="#m17">ValidateURLMappingNameEmptyErrorMsg7_1</a></td><td rowspan="1">1611060802891</td><td rowspan="1">2069</td></tr><tr class="passedeven"><td><a href="#m18">ValidateURLMappingNameRangeErrorMsg7_11</a></td><td rowspan="1">1611060804963</td><td rowspan="1">2002</td></tr><tr class="passedeven"><td><a href="#m19">ValidateURLMappingNameRangeErrorMsg7_12</a></td><td rowspan="1">1611060806967</td><td rowspan="1">2192</td></tr><tr class="passedeven"><td><a href="#m20">ValidateURLMappingNameRangeErrorMsg7_13</a></td><td rowspan="1">1611060809160</td><td rowspan="1">2057</td></tr><tr class="passedeven"><td><a href="#m21">ValidatedispositionEmptyErrorMsg9_1</a></td><td rowspan="1">1611060837400</td><td rowspan="1">1053</td></tr><tr class="passedeven"><td><a href="#m22">ValidatedispositionRangeErrorMsg9_11</a></td><td rowspan="1">1611060838455</td><td rowspan="1">1134</td></tr><tr class="passedeven"><td><a href="#m23">ValidatedispositionSplRangeErrorMsg9_12</a></td><td rowspan="1">1611060839591</td><td rowspan="1">1031</td></tr><tr class="passedeven"><td><a href="#m24">ValidatedispositionSplRangeErrorMsg9_13</a></td><td rowspan="1">1611060840624</td><td rowspan="1">1084</td></tr></tbody>
</table>
<h2>Default test</h2><h3 id="m0">com.CA.qa.TestCases.ValidateConfigurationsPage#ValidateURLMappingLocalIpRangeErrorMsg7_31</h3><table class="result"><tr><th>Exception</th></tr><tr><td><div class="stacktrace">java.lang.AssertionError: expected [Domain Name should be between 2 to 50 alphanumeric characters long allows special characters like .,@,_,space,- and Name cannot start and end with Special characters.] but found [Local IP should be between 2 to 50 alphanumeric characters long allows special characters like .,@,_,space,- and IP cannot start and end with Special characters.]
	at org.testng.Assert.fail(Assert.java:99)
	at org.testng.Assert.failNotEquals(Assert.java:1037)
	at org.testng.Assert.assertEqualsImpl(Assert.java:140)
	at org.testng.Assert.assertEquals(Assert.java:122)
	at org.testng.Assert.assertEquals(Assert.java:629)
	at org.testng.Assert.assertEquals(Assert.java:639)
	at com.CA.qa.TestCases.ValidateConfigurationsPage.ValidateURLMappingLocalIpRangeErrorMsg7_31(ValidateConfigurationsPage.java:1002)
	at java.base/jdk.internal.reflect.NativeMethodAccessorImpl.invoke0(Native Method)
	at java.base/jdk.internal.reflect.NativeMethodAccessorImpl.invoke(NativeMethodAccessorImpl.java:62)
	at java.base/jdk.internal.reflect.DelegatingMethodAccessorImpl.invoke(DelegatingMethodAccessorImpl.java:43)
	at java.base/java.lang.reflect.Method.invoke(Method.java:564)
	at org.testng.internal.MethodInvocationHelper.invokeMethod(MethodInvocationHelper.java:132)
	at org.testng.internal.TestInvoker.invokeMethod(TestInvoker.java:599)
	at org.testng.internal.TestInvoker.invokeTestMethod(TestInvoker.java:174)
	at org.testng.internal.MethodRunner.runInSequence(MethodRunner.java:46)
	at org.testng.internal.TestInvoker$MethodInvocationAgent.invoke(TestInvoker.java:822)
	at org.testng.internal.TestInvoker.invokeTestMethods(TestInvoker.java:147)
	at org.testng.internal.TestMethodWorker.invokeTestMethods(TestMethodWorker.java:146)
	at org.testng.internal.TestMethodWorker.run(TestMethodWorker.java:128)
	at java.base/java.util.ArrayList.forEach(ArrayList.java:1511)
	at org.testng.TestRunner.privateRun(TestRunner.java:764)
	at org.testng.TestRunner.run(TestRunner.java:585)
	at org.testng.SuiteRunner.runTest(SuiteRunner.java:384)
	at org.testng.SuiteRunner.runSequentially(SuiteRunner.java:378)
	at org.testng.SuiteRunner.privateRun(SuiteRunner.java:337)
	at org.testng.SuiteRunner.run(SuiteRunner.java:286)
	at org.testng.SuiteRunnerWorker.runSuite(SuiteRunnerWorker.java:53)
	at org.testng.SuiteRunnerWorker.run(SuiteRunnerWorker.java:96)
	at org.testng.TestNG.runSuitesSequentially(TestNG.java:1218)
	at org.testng.TestNG.runSuitesLocally(TestNG.java:1140)
	at org.testng.TestNG.runSuites(TestNG.java:1069)
	at org.testng.TestNG.run(TestNG.java:1037)
	at org.testng.remote.AbstractRemoteTestNG.run(AbstractRemoteTestNG.java:115)
	at org.testng.remote.RemoteTestNG.initAndRun(RemoteTestNG.java:251)
	at org.testng.remote.RemoteTestNG.main(RemoteTestNG.java:77)
</div></td></tr></table><p class="totop"><a href="#summary">back to summary</a></p>
<h3 id="m1">com.CA.qa.TestCases.ValidateConfigurationsPage#ValidateURLMappingLocalIpRangeErrorMsg7_32</h3><table class="result"><tr><th>Exception</th></tr><tr><td><div class="stacktrace">java.lang.AssertionError: expected [Domain Name should be between 2 to 50 alphanumeric characters long allows special characters like .,@,_,space,- and Name cannot start and end with Special characters.] but found [Local IP should be between 2 to 50 alphanumeric characters long allows special characters like .,@,_,space,- and IP cannot start and end with Special characters.]
	at org.testng.Assert.fail(Assert.java:99)
	at org.testng.Assert.failNotEquals(Assert.java:1037)
	at org.testng.Assert.assertEqualsImpl(Assert.java:140)
	at org.testng.Assert.assertEquals(Assert.java:122)
	at org.testng.Assert.assertEquals(Assert.java:629)
	at org.testng.Assert.assertEquals(Assert.java:639)
	at com.CA.qa.TestCases.ValidateConfigurationsPage.ValidateURLMappingLocalIpRangeErrorMsg7_32(ValidateConfigurationsPage.java:1012)
	at java.base/jdk.internal.reflect.NativeMethodAccessorImpl.invoke0(Native Method)
	at java.base/jdk.internal.reflect.NativeMethodAccessorImpl.invoke(NativeMethodAccessorImpl.java:62)
	at java.base/jdk.internal.reflect.DelegatingMethodAccessorImpl.invoke(DelegatingMethodAccessorImpl.java:43)
	at java.base/java.lang.reflect.Method.invoke(Method.java:564)
	at org.testng.internal.MethodInvocationHelper.invokeMethod(MethodInvocationHelper.java:132)
	at org.testng.internal.TestInvoker.invokeMethod(TestInvoker.java:599)
	at org.testng.internal.TestInvoker.invokeTestMethod(TestInvoker.java:174)
	at org.testng.internal.MethodRunner.runInSequence(MethodRunner.java:46)
	at org.testng.internal.TestInvoker$MethodInvocationAgent.invoke(TestInvoker.java:822)
	at org.testng.internal.TestInvoker.invokeTestMethods(TestInvoker.java:147)
	at org.testng.internal.TestMethodWorker.invokeTestMethods(TestMethodWorker.java:146)
	at org.testng.internal.TestMethodWorker.run(TestMethodWorker.java:128)
	at java.base/java.util.ArrayList.forEach(ArrayList.java:1511)
	at org.testng.TestRunner.privateRun(TestRunner.java:764)
	at org.testng.TestRunner.run(TestRunner.java:585)
	at org.testng.SuiteRunner.runTest(SuiteRunner.java:384)
	at org.testng.SuiteRunner.runSequentially(SuiteRunner.java:378)
	at org.testng.SuiteRunner.privateRun(SuiteRunner.java:337)
	at org.testng.SuiteRunner.run(SuiteRunner.java:286)
	at org.testng.SuiteRunnerWorker.runSuite(SuiteRunnerWorker.java:53)
	at org.testng.SuiteRunnerWorker.run(SuiteRunnerWorker.java:96)
	at org.testng.TestNG.runSuitesSequentially(TestNG.java:1218)
	at org.testng.TestNG.runSuitesLocally(TestNG.java:1140)
	at org.testng.TestNG.runSuites(TestNG.java:1069)
	at org.testng.TestNG.run(TestNG.java:1037)
	at org.testng.remote.AbstractRemoteTestNG.run(AbstractRemoteTestNG.java:115)
	at org.testng.remote.RemoteTestNG.initAndRun(RemoteTestNG.java:251)
	at org.testng.remote.RemoteTestNG.main(RemoteTestNG.java:77)
</div></td></tr></table><p class="totop"><a href="#summary">back to summary</a></p>
<h3 id="m2">com.CA.qa.TestCases.ValidateConfigurationsPage#ValidateURLMappingLocalIpRangeErrorMsg7_33</h3><table class="result"><tr><th>Exception</th></tr><tr><td><div class="stacktrace">java.lang.AssertionError: expected [Domain Name should be between 2 to 50 alphanumeric characters long allows special characters like .,@,_,space,- and Name cannot start and end with Special characters.] but found [Local IP should be between 2 to 50 alphanumeric characters long allows special characters like .,@,_,space,- and IP cannot start and end with Special characters.]
	at org.testng.Assert.fail(Assert.java:99)
	at org.testng.Assert.failNotEquals(Assert.java:1037)
	at org.testng.Assert.assertEqualsImpl(Assert.java:140)
	at org.testng.Assert.assertEquals(Assert.java:122)
	at org.testng.Assert.assertEquals(Assert.java:629)
	at org.testng.Assert.assertEquals(Assert.java:639)
	at com.CA.qa.TestCases.ValidateConfigurationsPage.ValidateURLMappingLocalIpRangeErrorMsg7_33(ValidateConfigurationsPage.java:1022)
	at java.base/jdk.internal.reflect.NativeMethodAccessorImpl.invoke0(Native Method)
	at java.base/jdk.internal.reflect.NativeMethodAccessorImpl.invoke(NativeMethodAccessorImpl.java:62)
	at java.base/jdk.internal.reflect.DelegatingMethodAccessorImpl.invoke(DelegatingMethodAccessorImpl.java:43)
	at java.base/java.lang.reflect.Method.invoke(Method.java:564)
	at org.testng.internal.MethodInvocationHelper.invokeMethod(MethodInvocationHelper.java:132)
	at org.testng.internal.TestInvoker.invokeMethod(TestInvoker.java:599)
	at org.testng.internal.TestInvoker.invokeTestMethod(TestInvoker.java:174)
	at org.testng.internal.MethodRunner.runInSequence(MethodRunner.java:46)
	at org.testng.internal.TestInvoker$MethodInvocationAgent.invoke(TestInvoker.java:822)
	at org.testng.internal.TestInvoker.invokeTestMethods(TestInvoker.java:147)
	at org.testng.internal.TestMethodWorker.invokeTestMethods(TestMethodWorker.java:146)
	at org.testng.internal.TestMethodWorker.run(TestMethodWorker.java:128)
	at java.base/java.util.ArrayList.forEach(ArrayList.java:1511)
	at org.testng.TestRunner.privateRun(TestRunner.java:764)
	at org.testng.TestRunner.run(TestRunner.java:585)
	at org.testng.SuiteRunner.runTest(SuiteRunner.java:384)
	at org.testng.SuiteRunner.runSequentially(SuiteRunner.java:378)
	at org.testng.SuiteRunner.privateRun(SuiteRunner.java:337)
	at org.testng.SuiteRunner.run(SuiteRunner.java:286)
	at org.testng.SuiteRunnerWorker.runSuite(SuiteRunnerWorker.java:53)
	at org.testng.SuiteRunnerWorker.run(SuiteRunnerWorker.java:96)
	at org.testng.TestNG.runSuitesSequentially(TestNG.java:1218)
	at org.testng.TestNG.runSuitesLocally(TestNG.java:1140)
	at org.testng.TestNG.runSuites(TestNG.java:1069)
	at org.testng.TestNG.run(TestNG.java:1037)
	at org.testng.remote.AbstractRemoteTestNG.run(AbstractRemoteTestNG.java:115)
	at org.testng.remote.RemoteTestNG.initAndRun(RemoteTestNG.java:251)
	at org.testng.remote.RemoteTestNG.main(RemoteTestNG.java:77)
</div></td></tr></table><p class="totop"><a href="#summary">back to summary</a></p>
<h3 id="m3">com.CA.qa.TestCases.ValidateConfigurationsPage#ValidateLocationNameEmptyErrorMsg6_1</h3><table class="result"><tr><th class="invisible"/></tr></table><p class="totop"><a href="#summary">back to summary</a></p>
<h3 id="m4">com.CA.qa.TestCases.ValidateConfigurationsPage#ValidateLocationRangeErrorMsg6_11</h3><table class="result"><tr><th class="invisible"/></tr></table><p class="totop"><a href="#summary">back to summary</a></p>
<h3 id="m5">com.CA.qa.TestCases.ValidateConfigurationsPage#ValidateLocationRangeErrorMsg6_12</h3><table class="result"><tr><th class="invisible"/></tr></table><p class="totop"><a href="#summary">back to summary</a></p>
<h3 id="m6">com.CA.qa.TestCases.ValidateConfigurationsPage#ValidateLocationRangeErrorMsg6_13</h3><table class="result"><tr><th class="invisible"/></tr></table><p class="totop"><a href="#summary">back to summary</a></p>
<h3 id="m7">com.CA.qa.TestCases.ValidateConfigurationsPage#ValidateSmsTemplateNameEmptyErrorMsg8_1</h3><table class="result"><tr><th class="invisible"/></tr></table><p class="totop"><a href="#summary">back to summary</a></p>
<h3 id="m8">com.CA.qa.TestCases.ValidateConfigurationsPage#ValidateSmsTemplateNameRangeErrorMsg8_11</h3><table class="result"><tr><th class="invisible"/></tr></table><p class="totop"><a href="#summary">back to summary</a></p>
<h3 id="m9">com.CA.qa.TestCases.ValidateConfigurationsPage#ValidateSmsTemplateNameRangeErrorMsg8_12</h3><table class="result"><tr><th class="invisible"/></tr></table><p class="totop"><a href="#summary">back to summary</a></p>
<h3 id="m10">com.CA.qa.TestCases.ValidateConfigurationsPage#ValidateSmsTemplateNameRangeErrorMsg8_13</h3><table class="result"><tr><th class="invisible"/></tr></table><p class="totop"><a href="#summary">back to summary</a></p>
<h3 id="m11">com.CA.qa.TestCases.ValidateConfigurationsPage#ValidateSmsTemplateTextErrorMsg8_2</h3><table class="result"><tr><th class="invisible"/></tr></table><p class="totop"><a href="#summary">back to summary</a></p>
<h3 id="m12">com.CA.qa.TestCases.ValidateConfigurationsPage#ValidateURLMappingDomainNameEmptyErrorMsg7_21</h3><table class="result"><tr><th class="invisible"/></tr></table><p class="totop"><a href="#summary">back to summary</a></p>
<h3 id="m13">com.CA.qa.TestCases.ValidateConfigurationsPage#ValidateURLMappingDomainNameRangeErrorMsg7_22</h3><table class="result"><tr><th class="invisible"/></tr></table><p class="totop"><a href="#summary">back to summary</a></p>
<h3 id="m14">com.CA.qa.TestCases.ValidateConfigurationsPage#ValidateURLMappingDomainNameRangeErrorMsg7_23</h3><table class="result"><tr><th class="invisible"/></tr></table><p class="totop"><a href="#summary">back to summary</a></p>
<h3 id="m15">com.CA.qa.TestCases.ValidateConfigurationsPage#ValidateURLMappingDomainNameRangeErrorMsg7_24</h3><table class="result"><tr><th class="invisible"/></tr></table><p class="totop"><a href="#summary">back to summary</a></p>
<h3 id="m16">com.CA.qa.TestCases.ValidateConfigurationsPage#ValidateURLMappingLocalIpEmptyErrorMsg7_3</h3><table class="result"><tr><th class="invisible"/></tr></table><p class="totop"><a href="#summary">back to summary</a></p>
<h3 id="m17">com.CA.qa.TestCases.ValidateConfigurationsPage#ValidateURLMappingNameEmptyErrorMsg7_1</h3><table class="result"><tr><th class="invisible"/></tr></table><p class="totop"><a href="#summary">back to summary</a></p>
<h3 id="m18">com.CA.qa.TestCases.ValidateConfigurationsPage#ValidateURLMappingNameRangeErrorMsg7_11</h3><table class="result"><tr><th class="invisible"/></tr></table><p class="totop"><a href="#summary">back to summary</a></p>
<h3 id="m19">com.CA.qa.TestCases.ValidateConfigurationsPage#ValidateURLMappingNameRangeErrorMsg7_12</h3><table class="result"><tr><th class="invisible"/></tr></table><p class="totop"><a href="#summary">back to summary</a></p>
<h3 id="m20">com.CA.qa.TestCases.ValidateConfigurationsPage#ValidateURLMappingNameRangeErrorMsg7_13</h3><table class="result"><tr><th class="invisible"/></tr></table><p class="totop"><a href="#summary">back to summary</a></p>
<h3 id="m21">com.CA.qa.TestCases.ValidateConfigurationsPage#ValidatedispositionEmptyErrorMsg9_1</h3><table class="result"><tr><th class="invisible"/></tr></table><p class="totop"><a href="#summary">back to summary</a></p>
<h3 id="m22">com.CA.qa.TestCases.ValidateConfigurationsPage#ValidatedispositionRangeErrorMsg9_11</h3><table class="result"><tr><th class="invisible"/></tr></table><p class="totop"><a href="#summary">back to summary</a></p>
<h3 id="m23">com.CA.qa.TestCases.ValidateConfigurationsPage#ValidatedispositionSplRangeErrorMsg9_12</h3><table class="result"><tr><th class="invisible"/></tr></table><p class="totop"><a href="#summary">back to summary</a></p>
<h3 id="m24">com.CA.qa.TestCases.ValidateConfigurationsPage#ValidatedispositionSplRangeErrorMsg9_13</h3><table class="result"><tr><th class="invisible"/></tr></table><p class="totop"><a href="#summary">back to summary</a></p>
</body>
</html>
